[0.183s] Invoking command in '/home/pes2ug22cs314/Desktop/maze_solving /Autonomous-Maze-Solving-Turtlebot3-Simulation/build/autonomous_tb3': CMAKE_PREFIX_PATH=${CMAKE_PREFIX_PATH}:/home/pes2ug22cs314/ros2_ws/install/turtlesim_controller:/home/pes2ug22cs314/ros2_ws/install/my_package:/home/pes2ug22cs314/ros2_ws/install/maze_solver:/opt/ros/humble /usr/bin/cmake --build /home/pes2ug22cs314/Desktop/maze_solving /Autonomous-Maze-Solving-Turtlebot3-Simulation/build/autonomous_tb3 -- -j8 -l8
[0.329s] Built target ament_cmake_python_copy_script
[0.688s] running egg_info
[0.689s] writing script.egg-info/PKG-INFO
[0.689s] writing dependency_links to script.egg-info/dependency_links.txt
[0.690s] writing top-level names to script.egg-info/top_level.txt
[0.694s] reading manifest file 'script.egg-info/SOURCES.txt'
[0.694s] writing manifest file 'script.egg-info/SOURCES.txt'
[0.782s] Built target ament_cmake_python_build_script_egg
[0.895s] Invoked command in '/home/pes2ug22cs314/Desktop/maze_solving /Autonomous-Maze-Solving-Turtlebot3-Simulation/build/autonomous_tb3' returned '0': CMAKE_PREFIX_PATH=${CMAKE_PREFIX_PATH}:/home/pes2ug22cs314/ros2_ws/install/turtlesim_controller:/home/pes2ug22cs314/ros2_ws/install/my_package:/home/pes2ug22cs314/ros2_ws/install/maze_solver:/opt/ros/humble /usr/bin/cmake --build /home/pes2ug22cs314/Desktop/maze_solving /Autonomous-Maze-Solving-Turtlebot3-Simulation/build/autonomous_tb3 -- -j8 -l8
[0.911s] Invoking command in '/home/pes2ug22cs314/Desktop/maze_solving /Autonomous-Maze-Solving-Turtlebot3-Simulation/build/autonomous_tb3': CMAKE_PREFIX_PATH=${CMAKE_PREFIX_PATH}:/home/pes2ug22cs314/ros2_ws/install/turtlesim_controller:/home/pes2ug22cs314/ros2_ws/install/my_package:/home/pes2ug22cs314/ros2_ws/install/maze_solver:/opt/ros/humble /usr/bin/cmake --install /home/pes2ug22cs314/Desktop/maze_solving /Autonomous-Maze-Solving-Turtlebot3-Simulation/build/autonomous_tb3
[0.925s] -- Install configuration: ""
[0.925s] -- Up-to-date: /home/pes2ug22cs314/Desktop/maze_solving /Autonomous-Maze-Solving-Turtlebot3-Simulation/install/autonomous_tb3/share/autonomous_tb3/environment/pythonpath.sh
[0.925s] -- Up-to-date: /home/pes2ug22cs314/Desktop/maze_solving /Autonomous-Maze-Solving-Turtlebot3-Simulation/install/autonomous_tb3/share/autonomous_tb3/environment/pythonpath.dsv
[0.925s] -- Up-to-date: /home/pes2ug22cs314/Desktop/maze_solving /Autonomous-Maze-Solving-Turtlebot3-Simulation/install/autonomous_tb3/local/lib/python3.10/dist-packages/script-0.0.0-py3.10.egg-info
[0.925s] -- Installing: /home/pes2ug22cs314/Desktop/maze_solving /Autonomous-Maze-Solving-Turtlebot3-Simulation/install/autonomous_tb3/local/lib/python3.10/dist-packages/script-0.0.0-py3.10.egg-info/dependency_links.txt
[0.926s] -- Installing: /home/pes2ug22cs314/Desktop/maze_solving /Autonomous-Maze-Solving-Turtlebot3-Simulation/install/autonomous_tb3/local/lib/python3.10/dist-packages/script-0.0.0-py3.10.egg-info/top_level.txt
[0.926s] -- Installing: /home/pes2ug22cs314/Desktop/maze_solving /Autonomous-Maze-Solving-Turtlebot3-Simulation/install/autonomous_tb3/local/lib/python3.10/dist-packages/script-0.0.0-py3.10.egg-info/PKG-INFO
[0.926s] -- Installing: /home/pes2ug22cs314/Desktop/maze_solving /Autonomous-Maze-Solving-Turtlebot3-Simulation/install/autonomous_tb3/local/lib/python3.10/dist-packages/script-0.0.0-py3.10.egg-info/SOURCES.txt
[0.926s] -- Up-to-date: /home/pes2ug22cs314/Desktop/maze_solving /Autonomous-Maze-Solving-Turtlebot3-Simulation/install/autonomous_tb3/local/lib/python3.10/dist-packages/script
[0.926s] -- Up-to-date: /home/pes2ug22cs314/Desktop/maze_solving /Autonomous-Maze-Solving-Turtlebot3-Simulation/install/autonomous_tb3/local/lib/python3.10/dist-packages/script/entity_spawner.py
[0.926s] -- Up-to-date: /home/pes2ug22cs314/Desktop/maze_solving /Autonomous-Maze-Solving-Turtlebot3-Simulation/install/autonomous_tb3/local/lib/python3.10/dist-packages/script/maze_solver.py
[0.926s] -- Up-to-date: /home/pes2ug22cs314/Desktop/maze_solving /Autonomous-Maze-Solving-Turtlebot3-Simulation/install/autonomous_tb3/local/lib/python3.10/dist-packages/script/occupancy_grid_pub.py
[0.926s] -- Up-to-date: /home/pes2ug22cs314/Desktop/maze_solving /Autonomous-Maze-Solving-Turtlebot3-Simulation/install/autonomous_tb3/local/lib/python3.10/dist-packages/script/__init__.py
[1.083s] Listing '/home/pes2ug22cs314/Desktop/maze_solving /Autonomous-Maze-Solving-Turtlebot3-Simulation/install/autonomous_tb3/local/lib/python3.10/dist-packages/script'...
[1.094s] -- Up-to-date: /home/pes2ug22cs314/Desktop/maze_solving /Autonomous-Maze-Solving-Turtlebot3-Simulation/install/autonomous_tb3/lib/autonomous_tb3/occupancy_grid_pub.py
[1.094s] -- Up-to-date: /home/pes2ug22cs314/Desktop/maze_solving /Autonomous-Maze-Solving-Turtlebot3-Simulation/install/autonomous_tb3/lib/autonomous_tb3/entity_spawner.py
[1.094s] -- Up-to-date: /home/pes2ug22cs314/Desktop/maze_solving /Autonomous-Maze-Solving-Turtlebot3-Simulation/install/autonomous_tb3/lib/autonomous_tb3/maze_solver.py
[1.094s] -- Up-to-date: /home/pes2ug22cs314/Desktop/maze_solving /Autonomous-Maze-Solving-Turtlebot3-Simulation/install/autonomous_tb3/share/autonomous_tb3//config
[1.094s] -- Up-to-date: /home/pes2ug22cs314/Desktop/maze_solving /Autonomous-Maze-Solving-Turtlebot3-Simulation/install/autonomous_tb3/share/autonomous_tb3//config/tb3_nav.rviz
[1.094s] -- Up-to-date: /home/pes2ug22cs314/Desktop/maze_solving /Autonomous-Maze-Solving-Turtlebot3-Simulation/install/autonomous_tb3/share/autonomous_tb3//config/maze_map.pgm
[1.094s] -- Up-to-date: /home/pes2ug22cs314/Desktop/maze_solving /Autonomous-Maze-Solving-Turtlebot3-Simulation/install/autonomous_tb3/share/autonomous_tb3//config/tb3_world_2d_map.pgm
[1.094s] -- Up-to-date: /home/pes2ug22cs314/Desktop/maze_solving /Autonomous-Maze-Solving-Turtlebot3-Simulation/install/autonomous_tb3/share/autonomous_tb3//config/tb3_nav_params.yaml
[1.094s] -- Up-to-date: /home/pes2ug22cs314/Desktop/maze_solving /Autonomous-Maze-Solving-Turtlebot3-Simulation/install/autonomous_tb3/share/autonomous_tb3//config/maze_map.yaml
[1.094s] -- Up-to-date: /home/pes2ug22cs314/Desktop/maze_solving /Autonomous-Maze-Solving-Turtlebot3-Simulation/install/autonomous_tb3/share/autonomous_tb3//config/turtlebot3_cartographer.lua
[1.094s] -- Up-to-date: /home/pes2ug22cs314/Desktop/maze_solving /Autonomous-Maze-Solving-Turtlebot3-Simulation/install/autonomous_tb3/share/autonomous_tb3//config/tb3_world_2d_map.yaml
[1.094s] -- Up-to-date: /home/pes2ug22cs314/Desktop/maze_solving /Autonomous-Maze-Solving-Turtlebot3-Simulation/install/autonomous_tb3/share/autonomous_tb3//launch
[1.095s] -- Up-to-date: /home/pes2ug22cs314/Desktop/maze_solving /Autonomous-Maze-Solving-Turtlebot3-Simulation/install/autonomous_tb3/share/autonomous_tb3//launch/navigation.launch.py
[1.095s] -- Up-to-date: /home/pes2ug22cs314/Desktop/maze_solving /Autonomous-Maze-Solving-Turtlebot3-Simulation/install/autonomous_tb3/share/autonomous_tb3//launch/tb3_maze_navigation.launch.py
[1.095s] -- Up-to-date: /home/pes2ug22cs314/Desktop/maze_solving /Autonomous-Maze-Solving-Turtlebot3-Simulation/install/autonomous_tb3/share/autonomous_tb3//launch/mapping.launch.py
[1.096s] -- Up-to-date: /home/pes2ug22cs314/Desktop/maze_solving /Autonomous-Maze-Solving-Turtlebot3-Simulation/install/autonomous_tb3/share/autonomous_tb3//worlds
[1.096s] -- Up-to-date: /home/pes2ug22cs314/Desktop/maze_solving /Autonomous-Maze-Solving-Turtlebot3-Simulation/install/autonomous_tb3/share/autonomous_tb3//worlds/tb3_maze_world
[1.096s] -- Up-to-date: /home/pes2ug22cs314/Desktop/maze_solving /Autonomous-Maze-Solving-Turtlebot3-Simulation/install/autonomous_tb3/share/autonomous_tb3//worlds/tb3_maze_world/model.sdf
[1.096s] -- Up-to-date: /home/pes2ug22cs314/Desktop/maze_solving /Autonomous-Maze-Solving-Turtlebot3-Simulation/install/autonomous_tb3/share/autonomous_tb3//worlds/tb3_maze_world/model.config
[1.096s] -- Up-to-date: /home/pes2ug22cs314/Desktop/maze_solving /Autonomous-Maze-Solving-Turtlebot3-Simulation/install/autonomous_tb3/share/ament_index/resource_index/package_run_dependencies/autonomous_tb3
[1.097s] -- Up-to-date: /home/pes2ug22cs314/Desktop/maze_solving /Autonomous-Maze-Solving-Turtlebot3-Simulation/install/autonomous_tb3/share/ament_index/resource_index/parent_prefix_path/autonomous_tb3
[1.097s] -- Up-to-date: /home/pes2ug22cs314/Desktop/maze_solving /Autonomous-Maze-Solving-Turtlebot3-Simulation/install/autonomous_tb3/share/autonomous_tb3/environment/ament_prefix_path.sh
[1.097s] -- Up-to-date: /home/pes2ug22cs314/Desktop/maze_solving /Autonomous-Maze-Solving-Turtlebot3-Simulation/install/autonomous_tb3/share/autonomous_tb3/environment/ament_prefix_path.dsv
[1.097s] -- Up-to-date: /home/pes2ug22cs314/Desktop/maze_solving /Autonomous-Maze-Solving-Turtlebot3-Simulation/install/autonomous_tb3/share/autonomous_tb3/environment/path.sh
[1.097s] -- Up-to-date: /home/pes2ug22cs314/Desktop/maze_solving /Autonomous-Maze-Solving-Turtlebot3-Simulation/install/autonomous_tb3/share/autonomous_tb3/environment/path.dsv
[1.097s] -- Up-to-date: /home/pes2ug22cs314/Desktop/maze_solving /Autonomous-Maze-Solving-Turtlebot3-Simulation/install/autonomous_tb3/share/autonomous_tb3/local_setup.bash
[1.097s] -- Up-to-date: /home/pes2ug22cs314/Desktop/maze_solving /Autonomous-Maze-Solving-Turtlebot3-Simulation/install/autonomous_tb3/share/autonomous_tb3/local_setup.sh
[1.098s] -- Up-to-date: /home/pes2ug22cs314/Desktop/maze_solving /Autonomous-Maze-Solving-Turtlebot3-Simulation/install/autonomous_tb3/share/autonomous_tb3/local_setup.zsh
[1.098s] -- Up-to-date: /home/pes2ug22cs314/Desktop/maze_solving /Autonomous-Maze-Solving-Turtlebot3-Simulation/install/autonomous_tb3/share/autonomous_tb3/local_setup.dsv
[1.098s] -- Installing: /home/pes2ug22cs314/Desktop/maze_solving /Autonomous-Maze-Solving-Turtlebot3-Simulation/install/autonomous_tb3/share/autonomous_tb3/package.dsv
[1.098s] -- Up-to-date: /home/pes2ug22cs314/Desktop/maze_solving /Autonomous-Maze-Solving-Turtlebot3-Simulation/install/autonomous_tb3/share/ament_index/resource_index/packages/autonomous_tb3
[1.098s] -- Up-to-date: /home/pes2ug22cs314/Desktop/maze_solving /Autonomous-Maze-Solving-Turtlebot3-Simulation/install/autonomous_tb3/share/autonomous_tb3/cmake/autonomous_tb3Config.cmake
[1.099s] -- Up-to-date: /home/pes2ug22cs314/Desktop/maze_solving /Autonomous-Maze-Solving-Turtlebot3-Simulation/install/autonomous_tb3/share/autonomous_tb3/cmake/autonomous_tb3Config-version.cmake
[1.099s] -- Up-to-date: /home/pes2ug22cs314/Desktop/maze_solving /Autonomous-Maze-Solving-Turtlebot3-Simulation/install/autonomous_tb3/share/autonomous_tb3/package.xml
[1.103s] Invoked command in '/home/pes2ug22cs314/Desktop/maze_solving /Autonomous-Maze-Solving-Turtlebot3-Simulation/build/autonomous_tb3' returned '0': CMAKE_PREFIX_PATH=${CMAKE_PREFIX_PATH}:/home/pes2ug22cs314/ros2_ws/install/turtlesim_controller:/home/pes2ug22cs314/ros2_ws/install/my_package:/home/pes2ug22cs314/ros2_ws/install/maze_solver:/opt/ros/humble /usr/bin/cmake --install /home/pes2ug22cs314/Desktop/maze_solving /Autonomous-Maze-Solving-Turtlebot3-Simulation/build/autonomous_tb3
