[1.327s] DEBUG:colcon:Command line arguments: ['/usr/bin/colcon', 'build']
[1.328s] DEBUG:colcon:Parsed command line arguments: Namespace(log_base=None, log_level=None, verb_name='build', build_base='build', install_base='install', merge_install=False, symlink_install=False, test_result_base=None, continue_on_error=False, executor='parallel', parallel_workers=8, event_handlers=None, ignore_user_meta=False, metas=['./colcon.meta'], base_paths=['.'], packages_ignore=None, packages_ignore_regex=None, paths=None, packages_up_to=None, packages_up_to_regex=None, packages_above=None, packages_above_and_dependencies=None, packages_above_depth=None, packages_select_by_dep=None, packages_skip_by_dep=None, packages_skip_up_to=None, packages_select_build_failed=False, packages_skip_build_finished=False, packages_select_test_failures=False, packages_skip_test_passed=False, packages_select=None, packages_skip=None, packages_select_regex=None, packages_skip_regex=None, packages_start=None, packages_end=None, allow_overriding=[], cmake_args=None, cmake_target=None, cmake_target_skip_unavailable=False, cmake_clean_cache=False, cmake_clean_first=False, cmake_force_configure=False, ament_cmake_args=None, catkin_cmake_args=None, catkin_skip_building_tests=False, mixin_files=None, mixin=None, verb_parser=<colcon_mixin.mixin.mixin_argument.MixinArgumentDecorator object at 0x7e41f1d575e0>, verb_extension=<colcon_core.verb.build.BuildVerb object at 0x7e41f1d570a0>, main=<bound method BuildVerb.main of <colcon_core.verb.build.BuildVerb object at 0x7e41f1d570a0>>, mixin_verb=('build',))
[2.222s] Level 1:colcon.colcon_core.package_discovery:discover_packages(colcon_meta) check parameters
[2.223s] Level 1:colcon.colcon_core.package_discovery:discover_packages(recursive) check parameters
[2.223s] Level 1:colcon.colcon_core.package_discovery:discover_packages(ignore) check parameters
[2.223s] Level 1:colcon.colcon_core.package_discovery:discover_packages(path) check parameters
[2.223s] Level 1:colcon.colcon_core.package_discovery:discover_packages(colcon_meta) discover
[2.223s] Level 1:colcon.colcon_core.package_discovery:discover_packages(recursive) discover
[2.223s] INFO:colcon.colcon_core.package_discovery:Crawling recursively for packages in '/home/pes2ug22cs314/Desktop/maze_solving /Autonomous-Maze-Solving-Turtlebot3-Simulation'
[2.223s] Level 1:colcon.colcon_core.package_identification:_identify(.) by extensions ['ignore', 'ignore_ament_install']
[2.223s] Level 1:colcon.colcon_core.package_identification:_identify(.) by extension 'ignore'
[2.223s] Level 1:colcon.colcon_core.package_identification:_identify(.) by extension 'ignore_ament_install'
[2.223s] Level 1:colcon.colcon_core.package_identification:_identify(.) by extensions ['colcon_pkg']
[2.223s] Level 1:colcon.colcon_core.package_identification:_identify(.) by extension 'colcon_pkg'
[2.223s] Level 1:colcon.colcon_core.package_identification:_identify(.) by extensions ['colcon_meta']
[2.223s] Level 1:colcon.colcon_core.package_identification:_identify(.) by extension 'colcon_meta'
[2.223s] Level 1:colcon.colcon_core.package_identification:_identify(.) by extensions ['ros']
[2.223s] Level 1:colcon.colcon_core.package_identification:_identify(.) by extension 'ros'
[2.253s] Level 1:colcon.colcon_core.package_identification:_identify(.) by extensions ['cmake', 'python']
[2.253s] Level 1:colcon.colcon_core.package_identification:_identify(.) by extension 'cmake'
[2.253s] Level 1:colcon.colcon_core.package_identification:_identify(.) by extension 'python'
[2.253s] Level 1:colcon.colcon_core.package_identification:_identify(.) by extensions ['python_setup_py']
[2.253s] Level 1:colcon.colcon_core.package_identification:_identify(.) by extension 'python_setup_py'
[2.253s] Level 1:colcon.colcon_core.package_identification:_identify(build) by extensions ['ignore', 'ignore_ament_install']
[2.253s] Level 1:colcon.colcon_core.package_identification:_identify(build) by extension 'ignore'
[2.253s] Level 1:colcon.colcon_core.package_identification:_identify(build) ignored
[2.254s] Level 1:colcon.colcon_core.package_identification:_identify(install) by extensions ['ignore', 'ignore_ament_install']
[2.254s] Level 1:colcon.colcon_core.package_identification:_identify(install) by extension 'ignore'
[2.254s] Level 1:colcon.colcon_core.package_identification:_identify(install) ignored
[2.254s] Level 1:colcon.colcon_core.package_identification:_identify(log) by extensions ['ignore', 'ignore_ament_install']
[2.254s] Level 1:colcon.colcon_core.package_identification:_identify(log) by extension 'ignore'
[2.254s] Level 1:colcon.colcon_core.package_identification:_identify(log) ignored
[2.254s] Level 1:colcon.colcon_core.package_identification:_identify(src) by extensions ['ignore', 'ignore_ament_install']
[2.254s] Level 1:colcon.colcon_core.package_identification:_identify(src) by extension 'ignore'
[2.254s] Level 1:colcon.colcon_core.package_identification:_identify(src) by extension 'ignore_ament_install'
[2.254s] Level 1:colcon.colcon_core.package_identification:_identify(src) by extensions ['colcon_pkg']
[2.254s] Level 1:colcon.colcon_core.package_identification:_identify(src) by extension 'colcon_pkg'
[2.254s] Level 1:colcon.colcon_core.package_identification:_identify(src) by extensions ['colcon_meta']
[2.254s] Level 1:colcon.colcon_core.package_identification:_identify(src) by extension 'colcon_meta'
[2.254s] Level 1:colcon.colcon_core.package_identification:_identify(src) by extensions ['ros']
[2.254s] Level 1:colcon.colcon_core.package_identification:_identify(src) by extension 'ros'
[2.254s] Level 1:colcon.colcon_core.package_identification:_identify(src) by extensions ['cmake', 'python']
[2.254s] Level 1:colcon.colcon_core.package_identification:_identify(src) by extension 'cmake'
[2.254s] Level 1:colcon.colcon_core.package_identification:_identify(src) by extension 'python'
[2.254s] Level 1:colcon.colcon_core.package_identification:_identify(src) by extensions ['python_setup_py']
[2.254s] Level 1:colcon.colcon_core.package_identification:_identify(src) by extension 'python_setup_py'
[2.256s] Level 1:colcon.colcon_core.package_identification:_identify(src/autonomous_tb3) by extensions ['ignore', 'ignore_ament_install']
[2.256s] Level 1:colcon.colcon_core.package_identification:_identify(src/autonomous_tb3) by extension 'ignore'
[2.256s] Level 1:colcon.colcon_core.package_identification:_identify(src/autonomous_tb3) by extension 'ignore_ament_install'
[2.257s] Level 1:colcon.colcon_core.package_identification:_identify(src/autonomous_tb3) by extensions ['colcon_pkg']
[2.257s] Level 1:colcon.colcon_core.package_identification:_identify(src/autonomous_tb3) by extension 'colcon_pkg'
[2.257s] Level 1:colcon.colcon_core.package_identification:_identify(src/autonomous_tb3) by extensions ['colcon_meta']
[2.257s] Level 1:colcon.colcon_core.package_identification:_identify(src/autonomous_tb3) by extension 'colcon_meta'
[2.257s] Level 1:colcon.colcon_core.package_identification:_identify(src/autonomous_tb3) by extensions ['ros']
[2.257s] Level 1:colcon.colcon_core.package_identification:_identify(src/autonomous_tb3) by extension 'ros'
[2.265s] DEBUG:colcon.colcon_core.package_identification:Package 'src/autonomous_tb3' with type 'ros.ament_cmake' and name 'autonomous_tb3'
[2.266s] Level 1:colcon.colcon_core.package_discovery:discover_packages(recursive) using defaults
[2.266s] Level 1:colcon.colcon_core.package_discovery:discover_packages(ignore) discover
[2.266s] Level 1:colcon.colcon_core.package_discovery:discover_packages(ignore) using defaults
[2.266s] Level 1:colcon.colcon_core.package_discovery:discover_packages(path) discover
[2.266s] Level 1:colcon.colcon_core.package_discovery:discover_packages(path) using defaults
[2.370s] Level 1:colcon.colcon_core.package_discovery:discover_packages(prefix_path) check parameters
[2.370s] Level 1:colcon.colcon_core.package_discovery:discover_packages(prefix_path) discover
[2.385s] DEBUG:colcon.colcon_installed_package_information.package_discovery:Found 5 installed packages in /home/pes2ug22cs314/ros2_ws/install
[2.388s] DEBUG:colcon.colcon_installed_package_information.package_discovery:Found 418 installed packages in /opt/ros/humble
[2.391s] Level 1:colcon.colcon_core.package_discovery:discover_packages(prefix_path) using defaults
[2.504s] Level 5:colcon.colcon_core.verb:set package 'autonomous_tb3' build argument 'cmake_args' from command line to 'None'
[2.504s] Level 5:colcon.colcon_core.verb:set package 'autonomous_tb3' build argument 'cmake_target' from command line to 'None'
[2.504s] Level 5:colcon.colcon_core.verb:set package 'autonomous_tb3' build argument 'cmake_target_skip_unavailable' from command line to 'False'
[2.504s] Level 5:colcon.colcon_core.verb:set package 'autonomous_tb3' build argument 'cmake_clean_cache' from command line to 'False'
[2.504s] Level 5:colcon.colcon_core.verb:set package 'autonomous_tb3' build argument 'cmake_clean_first' from command line to 'False'
[2.504s] Level 5:colcon.colcon_core.verb:set package 'autonomous_tb3' build argument 'cmake_force_configure' from command line to 'False'
[2.504s] Level 5:colcon.colcon_core.verb:set package 'autonomous_tb3' build argument 'ament_cmake_args' from command line to 'None'
[2.505s] Level 5:colcon.colcon_core.verb:set package 'autonomous_tb3' build argument 'catkin_cmake_args' from command line to 'None'
[2.505s] Level 5:colcon.colcon_core.verb:set package 'autonomous_tb3' build argument 'catkin_skip_building_tests' from command line to 'False'
[2.505s] DEBUG:colcon.colcon_core.verb:Building package 'autonomous_tb3' with the following arguments: {'ament_cmake_args': None, 'build_base': '/home/pes2ug22cs314/Desktop/maze_solving /Autonomous-Maze-Solving-Turtlebot3-Simulation/build/autonomous_tb3', 'catkin_cmake_args': None, 'catkin_skip_building_tests': False, 'cmake_args': None, 'cmake_clean_cache': False, 'cmake_clean_first': False, 'cmake_force_configure': False, 'cmake_target': None, 'cmake_target_skip_unavailable': False, 'install_base': '/home/pes2ug22cs314/Desktop/maze_solving /Autonomous-Maze-Solving-Turtlebot3-Simulation/install/autonomous_tb3', 'merge_install': False, 'path': '/home/pes2ug22cs314/Desktop/maze_solving /Autonomous-Maze-Solving-Turtlebot3-Simulation/src/autonomous_tb3', 'symlink_install': False, 'test_result_base': None}
[2.505s] INFO:colcon.colcon_core.executor:Executing jobs using 'parallel' executor
[2.509s] DEBUG:colcon.colcon_parallel_executor.executor.parallel:run_until_complete
[2.509s] INFO:colcon.colcon_ros.task.ament_cmake.build:Building ROS package in '/home/pes2ug22cs314/Desktop/maze_solving /Autonomous-Maze-Solving-Turtlebot3-Simulation/src/autonomous_tb3' with build type 'ament_cmake'
[2.509s] INFO:colcon.colcon_cmake.task.cmake.build:Building CMake package in '/home/pes2ug22cs314/Desktop/maze_solving /Autonomous-Maze-Solving-Turtlebot3-Simulation/src/autonomous_tb3'
[2.532s] INFO:colcon.colcon_core.plugin_system:Skipping extension 'colcon_core.shell.bat': Not used on non-Windows systems
[2.532s] INFO:colcon.colcon_core.shell:Skip shell extension 'powershell' for command environment: Not usable outside of PowerShell
[2.532s] DEBUG:colcon.colcon_core.shell:Skip shell extension 'dsv' for command environment
[2.590s] DEBUG:colcon.colcon_core.event_handler.log_command:Invoking command in '/home/pes2ug22cs314/Desktop/maze_solving /Autonomous-Maze-Solving-Turtlebot3-Simulation/build/autonomous_tb3': CMAKE_PREFIX_PATH=${CMAKE_PREFIX_PATH}:/home/pes2ug22cs314/ros2_ws/install/turtlesim_controller:/home/pes2ug22cs314/ros2_ws/install/my_package:/home/pes2ug22cs314/ros2_ws/install/maze_solver:/opt/ros/humble /usr/bin/cmake --build /home/pes2ug22cs314/Desktop/maze_solving /Autonomous-Maze-Solving-Turtlebot3-Simulation/build/autonomous_tb3 -- -j8 -l8
[3.686s] DEBUG:colcon.colcon_core.event_handler.log_command:Invoked command in '/home/pes2ug22cs314/Desktop/maze_solving /Autonomous-Maze-Solving-Turtlebot3-Simulation/build/autonomous_tb3' returned '0': CMAKE_PREFIX_PATH=${CMAKE_PREFIX_PATH}:/home/pes2ug22cs314/ros2_ws/install/turtlesim_controller:/home/pes2ug22cs314/ros2_ws/install/my_package:/home/pes2ug22cs314/ros2_ws/install/maze_solver:/opt/ros/humble /usr/bin/cmake --build /home/pes2ug22cs314/Desktop/maze_solving /Autonomous-Maze-Solving-Turtlebot3-Simulation/build/autonomous_tb3 -- -j8 -l8
[3.727s] DEBUG:colcon.colcon_core.event_handler.log_command:Invoking command in '/home/pes2ug22cs314/Desktop/maze_solving /Autonomous-Maze-Solving-Turtlebot3-Simulation/build/autonomous_tb3': CMAKE_PREFIX_PATH=${CMAKE_PREFIX_PATH}:/home/pes2ug22cs314/ros2_ws/install/turtlesim_controller:/home/pes2ug22cs314/ros2_ws/install/my_package:/home/pes2ug22cs314/ros2_ws/install/maze_solver:/opt/ros/humble /usr/bin/cmake --install /home/pes2ug22cs314/Desktop/maze_solving /Autonomous-Maze-Solving-Turtlebot3-Simulation/build/autonomous_tb3
[3.867s] Level 1:colcon.colcon_core.environment:create_environment_scripts_only(autonomous_tb3)
[3.868s] DEBUG:colcon.colcon_core.event_handler.log_command:Invoked command in '/home/pes2ug22cs314/Desktop/maze_solving /Autonomous-Maze-Solving-Turtlebot3-Simulation/build/autonomous_tb3' returned '0': CMAKE_PREFIX_PATH=${CMAKE_PREFIX_PATH}:/home/pes2ug22cs314/ros2_ws/install/turtlesim_controller:/home/pes2ug22cs314/ros2_ws/install/my_package:/home/pes2ug22cs314/ros2_ws/install/maze_solver:/opt/ros/humble /usr/bin/cmake --install /home/pes2ug22cs314/Desktop/maze_solving /Autonomous-Maze-Solving-Turtlebot3-Simulation/build/autonomous_tb3
[3.908s] Level 1:colcon.colcon_core.environment:checking '/home/pes2ug22cs314/Desktop/maze_solving /Autonomous-Maze-Solving-Turtlebot3-Simulation/install/autonomous_tb3' for CMake module files
[3.909s] Level 1:colcon.colcon_core.environment:checking '/home/pes2ug22cs314/Desktop/maze_solving /Autonomous-Maze-Solving-Turtlebot3-Simulation/install/autonomous_tb3' for CMake config files
[3.913s] Level 1:colcon.colcon_core.shell:create_environment_hook('autonomous_tb3', 'cmake_prefix_path')
[3.913s] INFO:colcon.colcon_core.shell:Creating environment hook '/home/pes2ug22cs314/Desktop/maze_solving /Autonomous-Maze-Solving-Turtlebot3-Simulation/install/autonomous_tb3/share/autonomous_tb3/hook/cmake_prefix_path.ps1'
[3.916s] INFO:colcon.colcon_core.shell:Creating environment descriptor '/home/pes2ug22cs314/Desktop/maze_solving /Autonomous-Maze-Solving-Turtlebot3-Simulation/install/autonomous_tb3/share/autonomous_tb3/hook/cmake_prefix_path.dsv'
[3.918s] INFO:colcon.colcon_core.shell:Creating environment hook '/home/pes2ug22cs314/Desktop/maze_solving /Autonomous-Maze-Solving-Turtlebot3-Simulation/install/autonomous_tb3/share/autonomous_tb3/hook/cmake_prefix_path.sh'
[3.920s] Level 1:colcon.colcon_core.environment:checking '/home/pes2ug22cs314/Desktop/maze_solving /Autonomous-Maze-Solving-Turtlebot3-Simulation/install/autonomous_tb3/lib'
[3.921s] Level 1:colcon.colcon_core.environment:checking '/home/pes2ug22cs314/Desktop/maze_solving /Autonomous-Maze-Solving-Turtlebot3-Simulation/install/autonomous_tb3/bin'
[3.921s] Level 1:colcon.colcon_core.environment:checking '/home/pes2ug22cs314/Desktop/maze_solving /Autonomous-Maze-Solving-Turtlebot3-Simulation/install/autonomous_tb3/lib/pkgconfig/autonomous_tb3.pc'
[3.921s] Level 1:colcon.colcon_core.environment:checking '/home/pes2ug22cs314/Desktop/maze_solving /Autonomous-Maze-Solving-Turtlebot3-Simulation/install/autonomous_tb3/lib/python3.10/site-packages'
[3.921s] Level 1:colcon.colcon_core.environment:checking '/home/pes2ug22cs314/Desktop/maze_solving /Autonomous-Maze-Solving-Turtlebot3-Simulation/install/autonomous_tb3/bin'
[3.922s] INFO:colcon.colcon_core.shell:Creating package script '/home/pes2ug22cs314/Desktop/maze_solving /Autonomous-Maze-Solving-Turtlebot3-Simulation/install/autonomous_tb3/share/autonomous_tb3/package.ps1'
[3.924s] INFO:colcon.colcon_core.shell:Creating package descriptor '/home/pes2ug22cs314/Desktop/maze_solving /Autonomous-Maze-Solving-Turtlebot3-Simulation/install/autonomous_tb3/share/autonomous_tb3/package.dsv'
[3.926s] INFO:colcon.colcon_core.shell:Creating package script '/home/pes2ug22cs314/Desktop/maze_solving /Autonomous-Maze-Solving-Turtlebot3-Simulation/install/autonomous_tb3/share/autonomous_tb3/package.sh'
[3.928s] INFO:colcon.colcon_core.shell:Creating package script '/home/pes2ug22cs314/Desktop/maze_solving /Autonomous-Maze-Solving-Turtlebot3-Simulation/install/autonomous_tb3/share/autonomous_tb3/package.bash'
[3.930s] INFO:colcon.colcon_core.shell:Creating package script '/home/pes2ug22cs314/Desktop/maze_solving /Autonomous-Maze-Solving-Turtlebot3-Simulation/install/autonomous_tb3/share/autonomous_tb3/package.zsh'
[3.933s] Level 1:colcon.colcon_core.environment:create_file_with_runtime_dependencies(/home/pes2ug22cs314/Desktop/maze_solving /Autonomous-Maze-Solving-Turtlebot3-Simulation/install/autonomous_tb3/share/colcon-core/packages/autonomous_tb3)
[3.934s] Level 1:colcon.colcon_core.environment:create_environment_scripts_only(autonomous_tb3)
[3.934s] Level 1:colcon.colcon_core.environment:checking '/home/pes2ug22cs314/Desktop/maze_solving /Autonomous-Maze-Solving-Turtlebot3-Simulation/install/autonomous_tb3' for CMake module files
[3.935s] Level 1:colcon.colcon_core.environment:checking '/home/pes2ug22cs314/Desktop/maze_solving /Autonomous-Maze-Solving-Turtlebot3-Simulation/install/autonomous_tb3' for CMake config files
[3.935s] Level 1:colcon.colcon_core.shell:create_environment_hook('autonomous_tb3', 'cmake_prefix_path')
[3.935s] INFO:colcon.colcon_core.shell:Creating environment hook '/home/pes2ug22cs314/Desktop/maze_solving /Autonomous-Maze-Solving-Turtlebot3-Simulation/install/autonomous_tb3/share/autonomous_tb3/hook/cmake_prefix_path.ps1'
[3.936s] INFO:colcon.colcon_core.shell:Creating environment descriptor '/home/pes2ug22cs314/Desktop/maze_solving /Autonomous-Maze-Solving-Turtlebot3-Simulation/install/autonomous_tb3/share/autonomous_tb3/hook/cmake_prefix_path.dsv'
[3.936s] INFO:colcon.colcon_core.shell:Creating environment hook '/home/pes2ug22cs314/Desktop/maze_solving /Autonomous-Maze-Solving-Turtlebot3-Simulation/install/autonomous_tb3/share/autonomous_tb3/hook/cmake_prefix_path.sh'
[3.937s] Level 1:colcon.colcon_core.environment:checking '/home/pes2ug22cs314/Desktop/maze_solving /Autonomous-Maze-Solving-Turtlebot3-Simulation/install/autonomous_tb3/lib'
[3.938s] Level 1:colcon.colcon_core.environment:checking '/home/pes2ug22cs314/Desktop/maze_solving /Autonomous-Maze-Solving-Turtlebot3-Simulation/install/autonomous_tb3/bin'
[3.938s] Level 1:colcon.colcon_core.environment:checking '/home/pes2ug22cs314/Desktop/maze_solving /Autonomous-Maze-Solving-Turtlebot3-Simulation/install/autonomous_tb3/lib/pkgconfig/autonomous_tb3.pc'
[3.938s] Level 1:colcon.colcon_core.environment:checking '/home/pes2ug22cs314/Desktop/maze_solving /Autonomous-Maze-Solving-Turtlebot3-Simulation/install/autonomous_tb3/lib/python3.10/site-packages'
[3.938s] Level 1:colcon.colcon_core.environment:checking '/home/pes2ug22cs314/Desktop/maze_solving /Autonomous-Maze-Solving-Turtlebot3-Simulation/install/autonomous_tb3/bin'
[3.939s] INFO:colcon.colcon_core.shell:Creating package script '/home/pes2ug22cs314/Desktop/maze_solving /Autonomous-Maze-Solving-Turtlebot3-Simulation/install/autonomous_tb3/share/autonomous_tb3/package.ps1'
[3.939s] INFO:colcon.colcon_core.shell:Creating package descriptor '/home/pes2ug22cs314/Desktop/maze_solving /Autonomous-Maze-Solving-Turtlebot3-Simulation/install/autonomous_tb3/share/autonomous_tb3/package.dsv'
[3.940s] INFO:colcon.colcon_core.shell:Creating package script '/home/pes2ug22cs314/Desktop/maze_solving /Autonomous-Maze-Solving-Turtlebot3-Simulation/install/autonomous_tb3/share/autonomous_tb3/package.sh'
[3.941s] INFO:colcon.colcon_core.shell:Creating package script '/home/pes2ug22cs314/Desktop/maze_solving /Autonomous-Maze-Solving-Turtlebot3-Simulation/install/autonomous_tb3/share/autonomous_tb3/package.bash'
[3.943s] INFO:colcon.colcon_core.shell:Creating package script '/home/pes2ug22cs314/Desktop/maze_solving /Autonomous-Maze-Solving-Turtlebot3-Simulation/install/autonomous_tb3/share/autonomous_tb3/package.zsh'
[3.944s] Level 1:colcon.colcon_core.environment:create_file_with_runtime_dependencies(/home/pes2ug22cs314/Desktop/maze_solving /Autonomous-Maze-Solving-Turtlebot3-Simulation/install/autonomous_tb3/share/colcon-core/packages/autonomous_tb3)
[3.945s] DEBUG:colcon.colcon_parallel_executor.executor.parallel:closing loop
[3.946s] DEBUG:colcon.colcon_parallel_executor.executor.parallel:loop closed
[3.946s] DEBUG:colcon.colcon_parallel_executor.executor.parallel:run_until_complete finished with '0'
[3.946s] DEBUG:colcon.colcon_core.event_reactor:joining thread
[3.958s] INFO:colcon.colcon_core.plugin_system:Skipping extension 'colcon_notification.desktop_notification.terminal_notifier': Not used on non-Darwin systems
[3.959s] INFO:colcon.colcon_core.plugin_system:Skipping extension 'colcon_notification.desktop_notification.win32': Not used on non-Windows systems
[3.959s] INFO:colcon.colcon_notification.desktop_notification:Sending desktop notification using 'notify2'
[4.025s] DEBUG:colcon.colcon_core.event_reactor:joined thread
[4.025s] INFO:colcon.colcon_core.shell:Creating prefix script '/home/pes2ug22cs314/Desktop/maze_solving /Autonomous-Maze-Solving-Turtlebot3-Simulation/install/local_setup.ps1'
[4.028s] INFO:colcon.colcon_core.shell:Creating prefix util module '/home/pes2ug22cs314/Desktop/maze_solving /Autonomous-Maze-Solving-Turtlebot3-Simulation/install/_local_setup_util_ps1.py'
[4.031s] INFO:colcon.colcon_core.shell:Creating prefix chain script '/home/pes2ug22cs314/Desktop/maze_solving /Autonomous-Maze-Solving-Turtlebot3-Simulation/install/setup.ps1'
[4.034s] INFO:colcon.colcon_core.shell:Creating prefix script '/home/pes2ug22cs314/Desktop/maze_solving /Autonomous-Maze-Solving-Turtlebot3-Simulation/install/local_setup.sh'
[4.037s] INFO:colcon.colcon_core.shell:Creating prefix util module '/home/pes2ug22cs314/Desktop/maze_solving /Autonomous-Maze-Solving-Turtlebot3-Simulation/install/_local_setup_util_sh.py'
[4.038s] INFO:colcon.colcon_core.shell:Creating prefix chain script '/home/pes2ug22cs314/Desktop/maze_solving /Autonomous-Maze-Solving-Turtlebot3-Simulation/install/setup.sh'
[4.041s] INFO:colcon.colcon_core.shell:Creating prefix script '/home/pes2ug22cs314/Desktop/maze_solving /Autonomous-Maze-Solving-Turtlebot3-Simulation/install/local_setup.bash'
[4.044s] INFO:colcon.colcon_core.shell:Creating prefix chain script '/home/pes2ug22cs314/Desktop/maze_solving /Autonomous-Maze-Solving-Turtlebot3-Simulation/install/setup.bash'
[4.047s] INFO:colcon.colcon_core.shell:Creating prefix script '/home/pes2ug22cs314/Desktop/maze_solving /Autonomous-Maze-Solving-Turtlebot3-Simulation/install/local_setup.zsh'
[4.049s] INFO:colcon.colcon_core.shell:Creating prefix chain script '/home/pes2ug22cs314/Desktop/maze_solving /Autonomous-Maze-Solving-Turtlebot3-Simulation/install/setup.zsh'
