[0.580s] DEBUG:colcon:Command line arguments: ['/usr/bin/colcon', 'build']
[0.580s] DEBUG:colcon:Parsed command line arguments: Namespace(log_base=None, log_level=None, verb_name='build', build_base='build', install_base='install', merge_install=False, symlink_install=False, test_result_base=None, continue_on_error=False, executor='parallel', parallel_workers=8, event_handlers=None, ignore_user_meta=False, metas=['./colcon.meta'], base_paths=['.'], packages_ignore=None, packages_ignore_regex=None, paths=None, packages_up_to=None, packages_up_to_regex=None, packages_above=None, packages_above_and_dependencies=None, packages_above_depth=None, packages_select_by_dep=None, packages_skip_by_dep=None, packages_skip_up_to=None, packages_select_build_failed=False, packages_skip_build_finished=False, packages_select_test_failures=False, packages_skip_test_passed=False, packages_select=None, packages_skip=None, packages_select_regex=None, packages_skip_regex=None, packages_start=None, packages_end=None, allow_overriding=[], cmake_args=None, cmake_target=None, cmake_target_skip_unavailable=False, cmake_clean_cache=False, cmake_clean_first=False, cmake_force_configure=False, ament_cmake_args=None, catkin_cmake_args=None, catkin_skip_building_tests=False, mixin_files=None, mixin=None, verb_parser=<colcon_mixin.mixin.mixin_argument.MixinArgumentDecorator object at 0x7f100376b130>, verb_extension=<colcon_core.verb.build.BuildVerb object at 0x7f100376abf0>, main=<bound method BuildVerb.main of <colcon_core.verb.build.BuildVerb object at 0x7f100376abf0>>, mixin_verb=('build',))
[1.003s] Level 1:colcon.colcon_core.package_discovery:discover_packages(colcon_meta) check parameters
[1.003s] Level 1:colcon.colcon_core.package_discovery:discover_packages(recursive) check parameters
[1.003s] Level 1:colcon.colcon_core.package_discovery:discover_packages(ignore) check parameters
[1.003s] Level 1:colcon.colcon_core.package_discovery:discover_packages(path) check parameters
[1.003s] Level 1:colcon.colcon_core.package_discovery:discover_packages(colcon_meta) discover
[1.003s] Level 1:colcon.colcon_core.package_discovery:discover_packages(recursive) discover
[1.003s] INFO:colcon.colcon_core.package_discovery:Crawling recursively for packages in '/home/pes2ug22cs314/Desktop/maze_solving /Autonomous-Maze-Solving-Turtlebot3-Simulation'
[1.003s] Level 1:colcon.colcon_core.package_identification:_identify(.) by extensions ['ignore', 'ignore_ament_install']
[1.003s] Level 1:colcon.colcon_core.package_identification:_identify(.) by extension 'ignore'
[1.003s] Level 1:colcon.colcon_core.package_identification:_identify(.) by extension 'ignore_ament_install'
[1.003s] Level 1:colcon.colcon_core.package_identification:_identify(.) by extensions ['colcon_pkg']
[1.004s] Level 1:colcon.colcon_core.package_identification:_identify(.) by extension 'colcon_pkg'
[1.004s] Level 1:colcon.colcon_core.package_identification:_identify(.) by extensions ['colcon_meta']
[1.004s] Level 1:colcon.colcon_core.package_identification:_identify(.) by extension 'colcon_meta'
[1.004s] Level 1:colcon.colcon_core.package_identification:_identify(.) by extensions ['ros']
[1.004s] Level 1:colcon.colcon_core.package_identification:_identify(.) by extension 'ros'
[1.018s] Level 1:colcon.colcon_core.package_identification:_identify(.) by extensions ['cmake', 'python']
[1.018s] Level 1:colcon.colcon_core.package_identification:_identify(.) by extension 'cmake'
[1.018s] Level 1:colcon.colcon_core.package_identification:_identify(.) by extension 'python'
[1.018s] Level 1:colcon.colcon_core.package_identification:_identify(.) by extensions ['python_setup_py']
[1.018s] Level 1:colcon.colcon_core.package_identification:_identify(.) by extension 'python_setup_py'
[1.019s] Level 1:colcon.colcon_core.package_identification:_identify(build) by extensions ['ignore', 'ignore_ament_install']
[1.019s] Level 1:colcon.colcon_core.package_identification:_identify(build) by extension 'ignore'
[1.019s] Level 1:colcon.colcon_core.package_identification:_identify(build) ignored
[1.019s] Level 1:colcon.colcon_core.package_identification:_identify(install) by extensions ['ignore', 'ignore_ament_install']
[1.019s] Level 1:colcon.colcon_core.package_identification:_identify(install) by extension 'ignore'
[1.019s] Level 1:colcon.colcon_core.package_identification:_identify(install) ignored
[1.019s] Level 1:colcon.colcon_core.package_identification:_identify(log) by extensions ['ignore', 'ignore_ament_install']
[1.019s] Level 1:colcon.colcon_core.package_identification:_identify(log) by extension 'ignore'
[1.019s] Level 1:colcon.colcon_core.package_identification:_identify(log) ignored
[1.019s] Level 1:colcon.colcon_core.package_identification:_identify(src) by extensions ['ignore', 'ignore_ament_install']
[1.019s] Level 1:colcon.colcon_core.package_identification:_identify(src) by extension 'ignore'
[1.019s] Level 1:colcon.colcon_core.package_identification:_identify(src) by extension 'ignore_ament_install'
[1.019s] Level 1:colcon.colcon_core.package_identification:_identify(src) by extensions ['colcon_pkg']
[1.019s] Level 1:colcon.colcon_core.package_identification:_identify(src) by extension 'colcon_pkg'
[1.019s] Level 1:colcon.colcon_core.package_identification:_identify(src) by extensions ['colcon_meta']
[1.019s] Level 1:colcon.colcon_core.package_identification:_identify(src) by extension 'colcon_meta'
[1.019s] Level 1:colcon.colcon_core.package_identification:_identify(src) by extensions ['ros']
[1.019s] Level 1:colcon.colcon_core.package_identification:_identify(src) by extension 'ros'
[1.019s] Level 1:colcon.colcon_core.package_identification:_identify(src) by extensions ['cmake', 'python']
[1.019s] Level 1:colcon.colcon_core.package_identification:_identify(src) by extension 'cmake'
[1.019s] Level 1:colcon.colcon_core.package_identification:_identify(src) by extension 'python'
[1.019s] Level 1:colcon.colcon_core.package_identification:_identify(src) by extensions ['python_setup_py']
[1.019s] Level 1:colcon.colcon_core.package_identification:_identify(src) by extension 'python_setup_py'
[1.019s] Level 1:colcon.colcon_core.package_identification:_identify(src/autonomous_tb3) by extensions ['ignore', 'ignore_ament_install']
[1.020s] Level 1:colcon.colcon_core.package_identification:_identify(src/autonomous_tb3) by extension 'ignore'
[1.020s] Level 1:colcon.colcon_core.package_identification:_identify(src/autonomous_tb3) by extension 'ignore_ament_install'
[1.020s] Level 1:colcon.colcon_core.package_identification:_identify(src/autonomous_tb3) by extensions ['colcon_pkg']
[1.020s] Level 1:colcon.colcon_core.package_identification:_identify(src/autonomous_tb3) by extension 'colcon_pkg'
[1.020s] Level 1:colcon.colcon_core.package_identification:_identify(src/autonomous_tb3) by extensions ['colcon_meta']
[1.020s] Level 1:colcon.colcon_core.package_identification:_identify(src/autonomous_tb3) by extension 'colcon_meta'
[1.020s] Level 1:colcon.colcon_core.package_identification:_identify(src/autonomous_tb3) by extensions ['ros']
[1.020s] Level 1:colcon.colcon_core.package_identification:_identify(src/autonomous_tb3) by extension 'ros'
[1.024s] DEBUG:colcon.colcon_core.package_identification:Package 'src/autonomous_tb3' with type 'ros.ament_cmake' and name 'autonomous_tb3'
[1.024s] Level 1:colcon.colcon_core.package_discovery:discover_packages(recursive) using defaults
[1.024s] Level 1:colcon.colcon_core.package_discovery:discover_packages(ignore) discover
[1.024s] Level 1:colcon.colcon_core.package_discovery:discover_packages(ignore) using defaults
[1.024s] Level 1:colcon.colcon_core.package_discovery:discover_packages(path) discover
[1.024s] Level 1:colcon.colcon_core.package_discovery:discover_packages(path) using defaults
[1.073s] Level 1:colcon.colcon_core.package_discovery:discover_packages(prefix_path) check parameters
[1.073s] Level 1:colcon.colcon_core.package_discovery:discover_packages(prefix_path) discover
[1.080s] DEBUG:colcon.colcon_installed_package_information.package_discovery:Found 5 installed packages in /home/pes2ug22cs314/ros2_ws/install
[1.081s] DEBUG:colcon.colcon_installed_package_information.package_discovery:Found 400 installed packages in /opt/ros/humble
[1.083s] Level 1:colcon.colcon_core.package_discovery:discover_packages(prefix_path) using defaults
[1.133s] Level 5:colcon.colcon_core.verb:set package 'autonomous_tb3' build argument 'cmake_args' from command line to 'None'
[1.133s] Level 5:colcon.colcon_core.verb:set package 'autonomous_tb3' build argument 'cmake_target' from command line to 'None'
[1.133s] Level 5:colcon.colcon_core.verb:set package 'autonomous_tb3' build argument 'cmake_target_skip_unavailable' from command line to 'False'
[1.133s] Level 5:colcon.colcon_core.verb:set package 'autonomous_tb3' build argument 'cmake_clean_cache' from command line to 'False'
[1.133s] Level 5:colcon.colcon_core.verb:set package 'autonomous_tb3' build argument 'cmake_clean_first' from command line to 'False'
[1.133s] Level 5:colcon.colcon_core.verb:set package 'autonomous_tb3' build argument 'cmake_force_configure' from command line to 'False'
[1.133s] Level 5:colcon.colcon_core.verb:set package 'autonomous_tb3' build argument 'ament_cmake_args' from command line to 'None'
[1.133s] Level 5:colcon.colcon_core.verb:set package 'autonomous_tb3' build argument 'catkin_cmake_args' from command line to 'None'
[1.133s] Level 5:colcon.colcon_core.verb:set package 'autonomous_tb3' build argument 'catkin_skip_building_tests' from command line to 'False'
[1.133s] DEBUG:colcon.colcon_core.verb:Building package 'autonomous_tb3' with the following arguments: {'ament_cmake_args': None, 'build_base': '/home/pes2ug22cs314/Desktop/maze_solving /Autonomous-Maze-Solving-Turtlebot3-Simulation/build/autonomous_tb3', 'catkin_cmake_args': None, 'catkin_skip_building_tests': False, 'cmake_args': None, 'cmake_clean_cache': False, 'cmake_clean_first': False, 'cmake_force_configure': False, 'cmake_target': None, 'cmake_target_skip_unavailable': False, 'install_base': '/home/pes2ug22cs314/Desktop/maze_solving /Autonomous-Maze-Solving-Turtlebot3-Simulation/install/autonomous_tb3', 'merge_install': False, 'path': '/home/pes2ug22cs314/Desktop/maze_solving /Autonomous-Maze-Solving-Turtlebot3-Simulation/src/autonomous_tb3', 'symlink_install': False, 'test_result_base': None}
[1.134s] INFO:colcon.colcon_core.executor:Executing jobs using 'parallel' executor
[1.135s] DEBUG:colcon.colcon_parallel_executor.executor.parallel:run_until_complete
[1.135s] INFO:colcon.colcon_ros.task.ament_cmake.build:Building ROS package in '/home/pes2ug22cs314/Desktop/maze_solving /Autonomous-Maze-Solving-Turtlebot3-Simulation/src/autonomous_tb3' with build type 'ament_cmake'
[1.135s] INFO:colcon.colcon_cmake.task.cmake.build:Building CMake package in '/home/pes2ug22cs314/Desktop/maze_solving /Autonomous-Maze-Solving-Turtlebot3-Simulation/src/autonomous_tb3'
[1.146s] INFO:colcon.colcon_core.plugin_system:Skipping extension 'colcon_core.shell.bat': Not used on non-Windows systems
[1.146s] INFO:colcon.colcon_core.shell:Skip shell extension 'powershell' for command environment: Not usable outside of PowerShell
[1.146s] DEBUG:colcon.colcon_core.shell:Skip shell extension 'dsv' for command environment
[1.157s] DEBUG:colcon.colcon_core.event_handler.log_command:Invoking command in '/home/pes2ug22cs314/Desktop/maze_solving /Autonomous-Maze-Solving-Turtlebot3-Simulation/build/autonomous_tb3': CMAKE_PREFIX_PATH=${CMAKE_PREFIX_PATH}:/home/pes2ug22cs314/ros2_ws/install/turtlesim_controller:/home/pes2ug22cs314/ros2_ws/install/my_package:/home/pes2ug22cs314/ros2_ws/install/maze_solver:/opt/ros/humble OLDPWD=/home/pes2ug22cs314/Desktop/maze_solving /usr/bin/cmake /home/pes2ug22cs314/Desktop/maze_solving /Autonomous-Maze-Solving-Turtlebot3-Simulation/src/autonomous_tb3 -DCMAKE_INSTALL_PREFIX=/home/pes2ug22cs314/Desktop/maze_solving /Autonomous-Maze-Solving-Turtlebot3-Simulation/install/autonomous_tb3
[2.857s] DEBUG:colcon.colcon_core.event_handler.log_command:Invoked command in '/home/pes2ug22cs314/Desktop/maze_solving /Autonomous-Maze-Solving-Turtlebot3-Simulation/build/autonomous_tb3' returned '0': CMAKE_PREFIX_PATH=${CMAKE_PREFIX_PATH}:/home/pes2ug22cs314/ros2_ws/install/turtlesim_controller:/home/pes2ug22cs314/ros2_ws/install/my_package:/home/pes2ug22cs314/ros2_ws/install/maze_solver:/opt/ros/humble OLDPWD=/home/pes2ug22cs314/Desktop/maze_solving /usr/bin/cmake /home/pes2ug22cs314/Desktop/maze_solving /Autonomous-Maze-Solving-Turtlebot3-Simulation/src/autonomous_tb3 -DCMAKE_INSTALL_PREFIX=/home/pes2ug22cs314/Desktop/maze_solving /Autonomous-Maze-Solving-Turtlebot3-Simulation/install/autonomous_tb3
[2.858s] DEBUG:colcon.colcon_core.event_handler.log_command:Invoking command in '/home/pes2ug22cs314/Desktop/maze_solving /Autonomous-Maze-Solving-Turtlebot3-Simulation/build/autonomous_tb3': CMAKE_PREFIX_PATH=${CMAKE_PREFIX_PATH}:/home/pes2ug22cs314/ros2_ws/install/turtlesim_controller:/home/pes2ug22cs314/ros2_ws/install/my_package:/home/pes2ug22cs314/ros2_ws/install/maze_solver:/opt/ros/humble OLDPWD=/home/pes2ug22cs314/Desktop/maze_solving /usr/bin/cmake --build /home/pes2ug22cs314/Desktop/maze_solving /Autonomous-Maze-Solving-Turtlebot3-Simulation/build/autonomous_tb3 -- -j8 -l8
[3.246s] DEBUG:colcon.colcon_core.event_handler.log_command:Invoked command in '/home/pes2ug22cs314/Desktop/maze_solving /Autonomous-Maze-Solving-Turtlebot3-Simulation/build/autonomous_tb3' returned '0': CMAKE_PREFIX_PATH=${CMAKE_PREFIX_PATH}:/home/pes2ug22cs314/ros2_ws/install/turtlesim_controller:/home/pes2ug22cs314/ros2_ws/install/my_package:/home/pes2ug22cs314/ros2_ws/install/maze_solver:/opt/ros/humble OLDPWD=/home/pes2ug22cs314/Desktop/maze_solving /usr/bin/cmake --build /home/pes2ug22cs314/Desktop/maze_solving /Autonomous-Maze-Solving-Turtlebot3-Simulation/build/autonomous_tb3 -- -j8 -l8
[3.259s] DEBUG:colcon.colcon_core.event_handler.log_command:Invoking command in '/home/pes2ug22cs314/Desktop/maze_solving /Autonomous-Maze-Solving-Turtlebot3-Simulation/build/autonomous_tb3': CMAKE_PREFIX_PATH=${CMAKE_PREFIX_PATH}:/home/pes2ug22cs314/ros2_ws/install/turtlesim_controller:/home/pes2ug22cs314/ros2_ws/install/my_package:/home/pes2ug22cs314/ros2_ws/install/maze_solver:/opt/ros/humble OLDPWD=/home/pes2ug22cs314/Desktop/maze_solving /usr/bin/cmake --install /home/pes2ug22cs314/Desktop/maze_solving /Autonomous-Maze-Solving-Turtlebot3-Simulation/build/autonomous_tb3
[3.339s] Level 1:colcon.colcon_core.environment:create_environment_scripts_only(autonomous_tb3)
[3.340s] DEBUG:colcon.colcon_core.event_handler.log_command:Invoked command in '/home/pes2ug22cs314/Desktop/maze_solving /Autonomous-Maze-Solving-Turtlebot3-Simulation/build/autonomous_tb3' returned '0': CMAKE_PREFIX_PATH=${CMAKE_PREFIX_PATH}:/home/pes2ug22cs314/ros2_ws/install/turtlesim_controller:/home/pes2ug22cs314/ros2_ws/install/my_package:/home/pes2ug22cs314/ros2_ws/install/maze_solver:/opt/ros/humble OLDPWD=/home/pes2ug22cs314/Desktop/maze_solving /usr/bin/cmake --install /home/pes2ug22cs314/Desktop/maze_solving /Autonomous-Maze-Solving-Turtlebot3-Simulation/build/autonomous_tb3
[3.356s] Level 1:colcon.colcon_core.environment:checking '/home/pes2ug22cs314/Desktop/maze_solving /Autonomous-Maze-Solving-Turtlebot3-Simulation/install/autonomous_tb3' for CMake module files
[3.356s] Level 1:colcon.colcon_core.environment:checking '/home/pes2ug22cs314/Desktop/maze_solving /Autonomous-Maze-Solving-Turtlebot3-Simulation/install/autonomous_tb3' for CMake config files
[3.356s] Level 1:colcon.colcon_core.shell:create_environment_hook('autonomous_tb3', 'cmake_prefix_path')
[3.357s] INFO:colcon.colcon_core.shell:Creating environment hook '/home/pes2ug22cs314/Desktop/maze_solving /Autonomous-Maze-Solving-Turtlebot3-Simulation/install/autonomous_tb3/share/autonomous_tb3/hook/cmake_prefix_path.ps1'
[3.359s] INFO:colcon.colcon_core.shell:Creating environment descriptor '/home/pes2ug22cs314/Desktop/maze_solving /Autonomous-Maze-Solving-Turtlebot3-Simulation/install/autonomous_tb3/share/autonomous_tb3/hook/cmake_prefix_path.dsv'
[3.359s] INFO:colcon.colcon_core.shell:Creating environment hook '/home/pes2ug22cs314/Desktop/maze_solving /Autonomous-Maze-Solving-Turtlebot3-Simulation/install/autonomous_tb3/share/autonomous_tb3/hook/cmake_prefix_path.sh'
[3.361s] Level 1:colcon.colcon_core.environment:checking '/home/pes2ug22cs314/Desktop/maze_solving /Autonomous-Maze-Solving-Turtlebot3-Simulation/install/autonomous_tb3/lib'
[3.361s] Level 1:colcon.colcon_core.environment:checking '/home/pes2ug22cs314/Desktop/maze_solving /Autonomous-Maze-Solving-Turtlebot3-Simulation/install/autonomous_tb3/bin'
[3.361s] Level 1:colcon.colcon_core.environment:checking '/home/pes2ug22cs314/Desktop/maze_solving /Autonomous-Maze-Solving-Turtlebot3-Simulation/install/autonomous_tb3/lib/pkgconfig/autonomous_tb3.pc'
[3.361s] Level 1:colcon.colcon_core.environment:checking '/home/pes2ug22cs314/Desktop/maze_solving /Autonomous-Maze-Solving-Turtlebot3-Simulation/install/autonomous_tb3/lib/python3.10/site-packages'
[3.361s] Level 1:colcon.colcon_core.environment:checking '/home/pes2ug22cs314/Desktop/maze_solving /Autonomous-Maze-Solving-Turtlebot3-Simulation/install/autonomous_tb3/bin'
[3.362s] INFO:colcon.colcon_core.shell:Creating package script '/home/pes2ug22cs314/Desktop/maze_solving /Autonomous-Maze-Solving-Turtlebot3-Simulation/install/autonomous_tb3/share/autonomous_tb3/package.ps1'
[3.363s] INFO:colcon.colcon_core.shell:Creating package descriptor '/home/pes2ug22cs314/Desktop/maze_solving /Autonomous-Maze-Solving-Turtlebot3-Simulation/install/autonomous_tb3/share/autonomous_tb3/package.dsv'
[3.364s] INFO:colcon.colcon_core.shell:Creating package script '/home/pes2ug22cs314/Desktop/maze_solving /Autonomous-Maze-Solving-Turtlebot3-Simulation/install/autonomous_tb3/share/autonomous_tb3/package.sh'
[3.366s] INFO:colcon.colcon_core.shell:Creating package script '/home/pes2ug22cs314/Desktop/maze_solving /Autonomous-Maze-Solving-Turtlebot3-Simulation/install/autonomous_tb3/share/autonomous_tb3/package.bash'
[3.368s] INFO:colcon.colcon_core.shell:Creating package script '/home/pes2ug22cs314/Desktop/maze_solving /Autonomous-Maze-Solving-Turtlebot3-Simulation/install/autonomous_tb3/share/autonomous_tb3/package.zsh'
[3.369s] Level 1:colcon.colcon_core.environment:create_file_with_runtime_dependencies(/home/pes2ug22cs314/Desktop/maze_solving /Autonomous-Maze-Solving-Turtlebot3-Simulation/install/autonomous_tb3/share/colcon-core/packages/autonomous_tb3)
[3.370s] Level 1:colcon.colcon_core.environment:create_environment_scripts_only(autonomous_tb3)
[3.370s] Level 1:colcon.colcon_core.environment:checking '/home/pes2ug22cs314/Desktop/maze_solving /Autonomous-Maze-Solving-Turtlebot3-Simulation/install/autonomous_tb3' for CMake module files
[3.370s] Level 1:colcon.colcon_core.environment:checking '/home/pes2ug22cs314/Desktop/maze_solving /Autonomous-Maze-Solving-Turtlebot3-Simulation/install/autonomous_tb3' for CMake config files
[3.371s] Level 1:colcon.colcon_core.shell:create_environment_hook('autonomous_tb3', 'cmake_prefix_path')
[3.371s] INFO:colcon.colcon_core.shell:Creating environment hook '/home/pes2ug22cs314/Desktop/maze_solving /Autonomous-Maze-Solving-Turtlebot3-Simulation/install/autonomous_tb3/share/autonomous_tb3/hook/cmake_prefix_path.ps1'
[3.371s] INFO:colcon.colcon_core.shell:Creating environment descriptor '/home/pes2ug22cs314/Desktop/maze_solving /Autonomous-Maze-Solving-Turtlebot3-Simulation/install/autonomous_tb3/share/autonomous_tb3/hook/cmake_prefix_path.dsv'
[3.372s] INFO:colcon.colcon_core.shell:Creating environment hook '/home/pes2ug22cs314/Desktop/maze_solving /Autonomous-Maze-Solving-Turtlebot3-Simulation/install/autonomous_tb3/share/autonomous_tb3/hook/cmake_prefix_path.sh'
[3.373s] Level 1:colcon.colcon_core.environment:checking '/home/pes2ug22cs314/Desktop/maze_solving /Autonomous-Maze-Solving-Turtlebot3-Simulation/install/autonomous_tb3/lib'
[3.374s] Level 1:colcon.colcon_core.environment:checking '/home/pes2ug22cs314/Desktop/maze_solving /Autonomous-Maze-Solving-Turtlebot3-Simulation/install/autonomous_tb3/bin'
[3.374s] Level 1:colcon.colcon_core.environment:checking '/home/pes2ug22cs314/Desktop/maze_solving /Autonomous-Maze-Solving-Turtlebot3-Simulation/install/autonomous_tb3/lib/pkgconfig/autonomous_tb3.pc'
[3.374s] Level 1:colcon.colcon_core.environment:checking '/home/pes2ug22cs314/Desktop/maze_solving /Autonomous-Maze-Solving-Turtlebot3-Simulation/install/autonomous_tb3/lib/python3.10/site-packages'
[3.374s] Level 1:colcon.colcon_core.environment:checking '/home/pes2ug22cs314/Desktop/maze_solving /Autonomous-Maze-Solving-Turtlebot3-Simulation/install/autonomous_tb3/bin'
[3.374s] INFO:colcon.colcon_core.shell:Creating package script '/home/pes2ug22cs314/Desktop/maze_solving /Autonomous-Maze-Solving-Turtlebot3-Simulation/install/autonomous_tb3/share/autonomous_tb3/package.ps1'
[3.375s] INFO:colcon.colcon_core.shell:Creating package descriptor '/home/pes2ug22cs314/Desktop/maze_solving /Autonomous-Maze-Solving-Turtlebot3-Simulation/install/autonomous_tb3/share/autonomous_tb3/package.dsv'
[3.375s] INFO:colcon.colcon_core.shell:Creating package script '/home/pes2ug22cs314/Desktop/maze_solving /Autonomous-Maze-Solving-Turtlebot3-Simulation/install/autonomous_tb3/share/autonomous_tb3/package.sh'
[3.376s] INFO:colcon.colcon_core.shell:Creating package script '/home/pes2ug22cs314/Desktop/maze_solving /Autonomous-Maze-Solving-Turtlebot3-Simulation/install/autonomous_tb3/share/autonomous_tb3/package.bash'
[3.377s] INFO:colcon.colcon_core.shell:Creating package script '/home/pes2ug22cs314/Desktop/maze_solving /Autonomous-Maze-Solving-Turtlebot3-Simulation/install/autonomous_tb3/share/autonomous_tb3/package.zsh'
[3.377s] Level 1:colcon.colcon_core.environment:create_file_with_runtime_dependencies(/home/pes2ug22cs314/Desktop/maze_solving /Autonomous-Maze-Solving-Turtlebot3-Simulation/install/autonomous_tb3/share/colcon-core/packages/autonomous_tb3)
[3.378s] DEBUG:colcon.colcon_parallel_executor.executor.parallel:closing loop
[3.378s] DEBUG:colcon.colcon_parallel_executor.executor.parallel:loop closed
[3.378s] DEBUG:colcon.colcon_parallel_executor.executor.parallel:run_until_complete finished with '0'
[3.378s] DEBUG:colcon.colcon_core.event_reactor:joining thread
[3.388s] INFO:colcon.colcon_core.plugin_system:Skipping extension 'colcon_notification.desktop_notification.terminal_notifier': Not used on non-Darwin systems
[3.388s] INFO:colcon.colcon_core.plugin_system:Skipping extension 'colcon_notification.desktop_notification.win32': Not used on non-Windows systems
[3.388s] INFO:colcon.colcon_notification.desktop_notification:Sending desktop notification using 'notify2'
[3.428s] DEBUG:colcon.colcon_core.event_reactor:joined thread
[3.428s] INFO:colcon.colcon_core.shell:Creating prefix script '/home/pes2ug22cs314/Desktop/maze_solving /Autonomous-Maze-Solving-Turtlebot3-Simulation/install/local_setup.ps1'
[3.430s] INFO:colcon.colcon_core.shell:Creating prefix util module '/home/pes2ug22cs314/Desktop/maze_solving /Autonomous-Maze-Solving-Turtlebot3-Simulation/install/_local_setup_util_ps1.py'
[3.432s] INFO:colcon.colcon_core.shell:Creating prefix chain script '/home/pes2ug22cs314/Desktop/maze_solving /Autonomous-Maze-Solving-Turtlebot3-Simulation/install/setup.ps1'
[3.433s] INFO:colcon.colcon_core.shell:Creating prefix script '/home/pes2ug22cs314/Desktop/maze_solving /Autonomous-Maze-Solving-Turtlebot3-Simulation/install/local_setup.sh'
[3.434s] INFO:colcon.colcon_core.shell:Creating prefix util module '/home/pes2ug22cs314/Desktop/maze_solving /Autonomous-Maze-Solving-Turtlebot3-Simulation/install/_local_setup_util_sh.py'
[3.435s] INFO:colcon.colcon_core.shell:Creating prefix chain script '/home/pes2ug22cs314/Desktop/maze_solving /Autonomous-Maze-Solving-Turtlebot3-Simulation/install/setup.sh'
[3.437s] INFO:colcon.colcon_core.shell:Creating prefix script '/home/pes2ug22cs314/Desktop/maze_solving /Autonomous-Maze-Solving-Turtlebot3-Simulation/install/local_setup.bash'
[3.438s] INFO:colcon.colcon_core.shell:Creating prefix chain script '/home/pes2ug22cs314/Desktop/maze_solving /Autonomous-Maze-Solving-Turtlebot3-Simulation/install/setup.bash'
[3.440s] INFO:colcon.colcon_core.shell:Creating prefix script '/home/pes2ug22cs314/Desktop/maze_solving /Autonomous-Maze-Solving-Turtlebot3-Simulation/install/local_setup.zsh'
[3.442s] INFO:colcon.colcon_core.shell:Creating prefix chain script '/home/pes2ug22cs314/Desktop/maze_solving /Autonomous-Maze-Solving-Turtlebot3-Simulation/install/setup.zsh'
