[0.021s] Invoking command in '/home/pes2ug22cs314/Desktop/maze_solving /Autonomous-Maze-Solving-Turtlebot3-Simulation/build/autonomous_tb3': CMAKE_PREFIX_PATH=${CMAKE_PREFIX_PATH}:/home/pes2ug22cs314/ros2_ws/install/turtlesim_controller:/home/pes2ug22cs314/ros2_ws/install/my_package:/home/pes2ug22cs314/ros2_ws/install/maze_solver:/opt/ros/humble OLDPWD=/home/pes2ug22cs314/Desktop/maze_solving /usr/bin/cmake /home/pes2ug22cs314/Desktop/maze_solving /Autonomous-Maze-Solving-Turtlebot3-Simulation/src/autonomous_tb3 -DCMAKE_INSTALL_PREFIX=/home/pes2ug22cs314/Desktop/maze_solving /Autonomous-Maze-Solving-Turtlebot3-Simulation/install/autonomous_tb3
[0.252s] -- The C compiler identification is GNU 11.4.0
[0.435s] -- The CXX compiler identification is GNU 11.4.0
[0.462s] -- Detecting C compiler ABI info
[0.582s] -- Detecting C compiler ABI info - done
[0.582s] -- Check for working C compiler: /usr/bin/cc - skipped
[0.585s] -- Detecting C compile features
[0.588s] -- Detecting C compile features - done
[0.596s] -- Detecting CXX compiler ABI info
[0.722s] -- Detecting CXX compiler ABI info - done
[0.728s] -- Check for working CXX compiler: /usr/bin/c++ - skipped
[0.728s] -- Detecting CXX compile features
[0.729s] -- Detecting CXX compile features - done
[0.744s] -- Found ament_cmake: 1.3.11 (/opt/ros/humble/share/ament_cmake/cmake)
[0.975s] -- Found Python3: /usr/bin/python3 (found version "3.10.12") found components: Interpreter 
[1.161s] -- Found rclpy: 3.3.15 (/opt/ros/humble/share/rclpy/cmake)
[1.164s] -- Found nav_msgs: 4.2.4 (/opt/ros/humble/share/nav_msgs/cmake)
[1.244s] -- Found rosidl_generator_c: 3.1.6 (/opt/ros/humble/share/rosidl_generator_c/cmake)
[1.259s] -- Found rosidl_adapter: 3.1.6 (/opt/ros/humble/share/rosidl_adapter/cmake)
[1.281s] -- Found rosidl_generator_cpp: 3.1.6 (/opt/ros/humble/share/rosidl_generator_cpp/cmake)
[1.313s] -- Using all available rosidl_typesupport_c: rosidl_typesupport_fastrtps_c;rosidl_typesupport_introspection_c
[1.355s] -- Using all available rosidl_typesupport_cpp: rosidl_typesupport_fastrtps_cpp;rosidl_typesupport_introspection_cpp
[1.574s] -- Found ament_lint_auto: 0.12.11 (/opt/ros/humble/share/ament_lint_auto/cmake)
[1.688s] -- Added test 'flake8' to check Python code syntax and style conventions
[1.689s] -- Added test 'lint_cmake' to check CMake code style
[1.696s] -- Added test 'pep257' to check Python code against some of the docstring style conventions in PEP 257
[1.700s] -- Added test 'xmllint' to check XML markup files
[1.706s] -- Configuring done
[1.710s] -- Generating done
[1.711s] -- Build files have been written to: /home/pes2ug22cs314/Desktop/maze_solving /Autonomous-Maze-Solving-Turtlebot3-Simulation/build/autonomous_tb3
[1.721s] Invoked command in '/home/pes2ug22cs314/Desktop/maze_solving /Autonomous-Maze-Solving-Turtlebot3-Simulation/build/autonomous_tb3' returned '0': CMAKE_PREFIX_PATH=${CMAKE_PREFIX_PATH}:/home/pes2ug22cs314/ros2_ws/install/turtlesim_controller:/home/pes2ug22cs314/ros2_ws/install/my_package:/home/pes2ug22cs314/ros2_ws/install/maze_solver:/opt/ros/humble OLDPWD=/home/pes2ug22cs314/Desktop/maze_solving /usr/bin/cmake /home/pes2ug22cs314/Desktop/maze_solving /Autonomous-Maze-Solving-Turtlebot3-Simulation/src/autonomous_tb3 -DCMAKE_INSTALL_PREFIX=/home/pes2ug22cs314/Desktop/maze_solving /Autonomous-Maze-Solving-Turtlebot3-Simulation/install/autonomous_tb3
[1.722s] Invoking command in '/home/pes2ug22cs314/Desktop/maze_solving /Autonomous-Maze-Solving-Turtlebot3-Simulation/build/autonomous_tb3': CMAKE_PREFIX_PATH=${CMAKE_PREFIX_PATH}:/home/pes2ug22cs314/ros2_ws/install/turtlesim_controller:/home/pes2ug22cs314/ros2_ws/install/my_package:/home/pes2ug22cs314/ros2_ws/install/maze_solver:/opt/ros/humble OLDPWD=/home/pes2ug22cs314/Desktop/maze_solving /usr/bin/cmake --build /home/pes2ug22cs314/Desktop/maze_solving /Autonomous-Maze-Solving-Turtlebot3-Simulation/build/autonomous_tb3 -- -j8 -l8
[1.795s] Built target ament_cmake_python_copy_script
[2.046s] running egg_info
[2.046s] creating script.egg-info
[2.046s] writing script.egg-info/PKG-INFO
[2.047s] writing dependency_links to script.egg-info/dependency_links.txt
[2.047s] writing top-level names to script.egg-info/top_level.txt
[2.047s] writing manifest file 'script.egg-info/SOURCES.txt'
[2.053s] reading manifest file 'script.egg-info/SOURCES.txt'
[2.053s] writing manifest file 'script.egg-info/SOURCES.txt'
[2.089s] Built target ament_cmake_python_build_script_egg
[2.110s] Invoked command in '/home/pes2ug22cs314/Desktop/maze_solving /Autonomous-Maze-Solving-Turtlebot3-Simulation/build/autonomous_tb3' returned '0': CMAKE_PREFIX_PATH=${CMAKE_PREFIX_PATH}:/home/pes2ug22cs314/ros2_ws/install/turtlesim_controller:/home/pes2ug22cs314/ros2_ws/install/my_package:/home/pes2ug22cs314/ros2_ws/install/maze_solver:/opt/ros/humble OLDPWD=/home/pes2ug22cs314/Desktop/maze_solving /usr/bin/cmake --build /home/pes2ug22cs314/Desktop/maze_solving /Autonomous-Maze-Solving-Turtlebot3-Simulation/build/autonomous_tb3 -- -j8 -l8
[2.123s] Invoking command in '/home/pes2ug22cs314/Desktop/maze_solving /Autonomous-Maze-Solving-Turtlebot3-Simulation/build/autonomous_tb3': CMAKE_PREFIX_PATH=${CMAKE_PREFIX_PATH}:/home/pes2ug22cs314/ros2_ws/install/turtlesim_controller:/home/pes2ug22cs314/ros2_ws/install/my_package:/home/pes2ug22cs314/ros2_ws/install/maze_solver:/opt/ros/humble OLDPWD=/home/pes2ug22cs314/Desktop/maze_solving /usr/bin/cmake --install /home/pes2ug22cs314/Desktop/maze_solving /Autonomous-Maze-Solving-Turtlebot3-Simulation/build/autonomous_tb3
[2.136s] -- Install configuration: ""
[2.136s] -- Installing: /home/pes2ug22cs314/Desktop/maze_solving /Autonomous-Maze-Solving-Turtlebot3-Simulation/install/autonomous_tb3/share/autonomous_tb3/environment/pythonpath.sh
[2.136s] -- Installing: /home/pes2ug22cs314/Desktop/maze_solving /Autonomous-Maze-Solving-Turtlebot3-Simulation/install/autonomous_tb3/share/autonomous_tb3/environment/pythonpath.dsv
[2.136s] -- Installing: /home/pes2ug22cs314/Desktop/maze_solving /Autonomous-Maze-Solving-Turtlebot3-Simulation/install/autonomous_tb3/local/lib/python3.10/dist-packages/script-0.0.0-py3.10.egg-info
[2.136s] -- Installing: /home/pes2ug22cs314/Desktop/maze_solving /Autonomous-Maze-Solving-Turtlebot3-Simulation/install/autonomous_tb3/local/lib/python3.10/dist-packages/script-0.0.0-py3.10.egg-info/dependency_links.txt
[2.136s] -- Installing: /home/pes2ug22cs314/Desktop/maze_solving /Autonomous-Maze-Solving-Turtlebot3-Simulation/install/autonomous_tb3/local/lib/python3.10/dist-packages/script-0.0.0-py3.10.egg-info/top_level.txt
[2.136s] -- Installing: /home/pes2ug22cs314/Desktop/maze_solving /Autonomous-Maze-Solving-Turtlebot3-Simulation/install/autonomous_tb3/local/lib/python3.10/dist-packages/script-0.0.0-py3.10.egg-info/PKG-INFO
[2.136s] -- Installing: /home/pes2ug22cs314/Desktop/maze_solving /Autonomous-Maze-Solving-Turtlebot3-Simulation/install/autonomous_tb3/local/lib/python3.10/dist-packages/script-0.0.0-py3.10.egg-info/SOURCES.txt
[2.136s] -- Installing: /home/pes2ug22cs314/Desktop/maze_solving /Autonomous-Maze-Solving-Turtlebot3-Simulation/install/autonomous_tb3/local/lib/python3.10/dist-packages/script
[2.136s] -- Installing: /home/pes2ug22cs314/Desktop/maze_solving /Autonomous-Maze-Solving-Turtlebot3-Simulation/install/autonomous_tb3/local/lib/python3.10/dist-packages/script/entity_spawner.py
[2.136s] -- Installing: /home/pes2ug22cs314/Desktop/maze_solving /Autonomous-Maze-Solving-Turtlebot3-Simulation/install/autonomous_tb3/local/lib/python3.10/dist-packages/script/maze_solver.py
[2.136s] -- Installing: /home/pes2ug22cs314/Desktop/maze_solving /Autonomous-Maze-Solving-Turtlebot3-Simulation/install/autonomous_tb3/local/lib/python3.10/dist-packages/script/occupancy_grid_pub.py
[2.136s] -- Installing: /home/pes2ug22cs314/Desktop/maze_solving /Autonomous-Maze-Solving-Turtlebot3-Simulation/install/autonomous_tb3/local/lib/python3.10/dist-packages/script/__init__.py
[2.191s] Listing '/home/pes2ug22cs314/Desktop/maze_solving /Autonomous-Maze-Solving-Turtlebot3-Simulation/install/autonomous_tb3/local/lib/python3.10/dist-packages/script'...
[2.191s] Compiling '/home/pes2ug22cs314/Desktop/maze_solving /Autonomous-Maze-Solving-Turtlebot3-Simulation/install/autonomous_tb3/local/lib/python3.10/dist-packages/script/__init__.py'...
[2.191s] Compiling '/home/pes2ug22cs314/Desktop/maze_solving /Autonomous-Maze-Solving-Turtlebot3-Simulation/install/autonomous_tb3/local/lib/python3.10/dist-packages/script/entity_spawner.py'...
[2.191s] Compiling '/home/pes2ug22cs314/Desktop/maze_solving /Autonomous-Maze-Solving-Turtlebot3-Simulation/install/autonomous_tb3/local/lib/python3.10/dist-packages/script/maze_solver.py'...
[2.191s] Compiling '/home/pes2ug22cs314/Desktop/maze_solving /Autonomous-Maze-Solving-Turtlebot3-Simulation/install/autonomous_tb3/local/lib/python3.10/dist-packages/script/occupancy_grid_pub.py'...
[2.197s] -- Installing: /home/pes2ug22cs314/Desktop/maze_solving /Autonomous-Maze-Solving-Turtlebot3-Simulation/install/autonomous_tb3/lib/autonomous_tb3/occupancy_grid_pub.py
[2.197s] -- Installing: /home/pes2ug22cs314/Desktop/maze_solving /Autonomous-Maze-Solving-Turtlebot3-Simulation/install/autonomous_tb3/lib/autonomous_tb3/entity_spawner.py
[2.197s] -- Installing: /home/pes2ug22cs314/Desktop/maze_solving /Autonomous-Maze-Solving-Turtlebot3-Simulation/install/autonomous_tb3/lib/autonomous_tb3/maze_solver.py
[2.197s] -- Installing: /home/pes2ug22cs314/Desktop/maze_solving /Autonomous-Maze-Solving-Turtlebot3-Simulation/install/autonomous_tb3/share/autonomous_tb3//config
[2.197s] -- Installing: /home/pes2ug22cs314/Desktop/maze_solving /Autonomous-Maze-Solving-Turtlebot3-Simulation/install/autonomous_tb3/share/autonomous_tb3//config/tb3_nav.rviz
[2.197s] -- Installing: /home/pes2ug22cs314/Desktop/maze_solving /Autonomous-Maze-Solving-Turtlebot3-Simulation/install/autonomous_tb3/share/autonomous_tb3//config/maze_map.pgm
[2.197s] -- Installing: /home/pes2ug22cs314/Desktop/maze_solving /Autonomous-Maze-Solving-Turtlebot3-Simulation/install/autonomous_tb3/share/autonomous_tb3//config/tb3_world_2d_map.pgm
[2.197s] -- Installing: /home/pes2ug22cs314/Desktop/maze_solving /Autonomous-Maze-Solving-Turtlebot3-Simulation/install/autonomous_tb3/share/autonomous_tb3//config/tb3_nav_params.yaml
[2.198s] -- Installing: /home/pes2ug22cs314/Desktop/maze_solving /Autonomous-Maze-Solving-Turtlebot3-Simulation/install/autonomous_tb3/share/autonomous_tb3//config/maze_map.yaml
[2.198s] -- Installing: /home/pes2ug22cs314/Desktop/maze_solving /Autonomous-Maze-Solving-Turtlebot3-Simulation/install/autonomous_tb3/share/autonomous_tb3//config/turtlebot3_cartographer.lua
[2.198s] -- Installing: /home/pes2ug22cs314/Desktop/maze_solving /Autonomous-Maze-Solving-Turtlebot3-Simulation/install/autonomous_tb3/share/autonomous_tb3//config/tb3_world_2d_map.yaml
[2.198s] -- Installing: /home/pes2ug22cs314/Desktop/maze_solving /Autonomous-Maze-Solving-Turtlebot3-Simulation/install/autonomous_tb3/share/autonomous_tb3//launch
[2.198s] -- Installing: /home/pes2ug22cs314/Desktop/maze_solving /Autonomous-Maze-Solving-Turtlebot3-Simulation/install/autonomous_tb3/share/autonomous_tb3//launch/navigation.launch.py
[2.198s] -- Installing: /home/pes2ug22cs314/Desktop/maze_solving /Autonomous-Maze-Solving-Turtlebot3-Simulation/install/autonomous_tb3/share/autonomous_tb3//launch/tb3_maze_navigation.launch.py
[2.200s] -- Installing: /home/pes2ug22cs314/Desktop/maze_solving /Autonomous-Maze-Solving-Turtlebot3-Simulation/install/autonomous_tb3/share/autonomous_tb3//launch/mapping.launch.py
[2.200s] -- Installing: /home/pes2ug22cs314/Desktop/maze_solving /Autonomous-Maze-Solving-Turtlebot3-Simulation/install/autonomous_tb3/share/autonomous_tb3//worlds
[2.200s] -- Installing: /home/pes2ug22cs314/Desktop/maze_solving /Autonomous-Maze-Solving-Turtlebot3-Simulation/install/autonomous_tb3/share/autonomous_tb3//worlds/tb3_maze_world
[2.200s] -- Installing: /home/pes2ug22cs314/Desktop/maze_solving /Autonomous-Maze-Solving-Turtlebot3-Simulation/install/autonomous_tb3/share/autonomous_tb3//worlds/tb3_maze_world/model.sdf
[2.200s] -- Installing: /home/pes2ug22cs314/Desktop/maze_solving /Autonomous-Maze-Solving-Turtlebot3-Simulation/install/autonomous_tb3/share/autonomous_tb3//worlds/tb3_maze_world/model.config
[2.200s] -- Installing: /home/pes2ug22cs314/Desktop/maze_solving /Autonomous-Maze-Solving-Turtlebot3-Simulation/install/autonomous_tb3/share/ament_index/resource_index/package_run_dependencies/autonomous_tb3
[2.200s] -- Installing: /home/pes2ug22cs314/Desktop/maze_solving /Autonomous-Maze-Solving-Turtlebot3-Simulation/install/autonomous_tb3/share/ament_index/resource_index/parent_prefix_path/autonomous_tb3
[2.200s] -- Installing: /home/pes2ug22cs314/Desktop/maze_solving /Autonomous-Maze-Solving-Turtlebot3-Simulation/install/autonomous_tb3/share/autonomous_tb3/environment/ament_prefix_path.sh
[2.200s] -- Installing: /home/pes2ug22cs314/Desktop/maze_solving /Autonomous-Maze-Solving-Turtlebot3-Simulation/install/autonomous_tb3/share/autonomous_tb3/environment/ament_prefix_path.dsv
[2.200s] -- Installing: /home/pes2ug22cs314/Desktop/maze_solving /Autonomous-Maze-Solving-Turtlebot3-Simulation/install/autonomous_tb3/share/autonomous_tb3/environment/path.sh
[2.200s] -- Installing: /home/pes2ug22cs314/Desktop/maze_solving /Autonomous-Maze-Solving-Turtlebot3-Simulation/install/autonomous_tb3/share/autonomous_tb3/environment/path.dsv
[2.200s] -- Installing: /home/pes2ug22cs314/Desktop/maze_solving /Autonomous-Maze-Solving-Turtlebot3-Simulation/install/autonomous_tb3/share/autonomous_tb3/local_setup.bash
[2.200s] -- Installing: /home/pes2ug22cs314/Desktop/maze_solving /Autonomous-Maze-Solving-Turtlebot3-Simulation/install/autonomous_tb3/share/autonomous_tb3/local_setup.sh
[2.200s] -- Installing: /home/pes2ug22cs314/Desktop/maze_solving /Autonomous-Maze-Solving-Turtlebot3-Simulation/install/autonomous_tb3/share/autonomous_tb3/local_setup.zsh
[2.200s] -- Installing: /home/pes2ug22cs314/Desktop/maze_solving /Autonomous-Maze-Solving-Turtlebot3-Simulation/install/autonomous_tb3/share/autonomous_tb3/local_setup.dsv
[2.200s] -- Installing: /home/pes2ug22cs314/Desktop/maze_solving /Autonomous-Maze-Solving-Turtlebot3-Simulation/install/autonomous_tb3/share/autonomous_tb3/package.dsv
[2.200s] -- Installing: /home/pes2ug22cs314/Desktop/maze_solving /Autonomous-Maze-Solving-Turtlebot3-Simulation/install/autonomous_tb3/share/ament_index/resource_index/packages/autonomous_tb3
[2.200s] -- Installing: /home/pes2ug22cs314/Desktop/maze_solving /Autonomous-Maze-Solving-Turtlebot3-Simulation/install/autonomous_tb3/share/autonomous_tb3/cmake/autonomous_tb3Config.cmake
[2.200s] -- Installing: /home/pes2ug22cs314/Desktop/maze_solving /Autonomous-Maze-Solving-Turtlebot3-Simulation/install/autonomous_tb3/share/autonomous_tb3/cmake/autonomous_tb3Config-version.cmake
[2.200s] -- Installing: /home/pes2ug22cs314/Desktop/maze_solving /Autonomous-Maze-Solving-Turtlebot3-Simulation/install/autonomous_tb3/share/autonomous_tb3/package.xml
[2.204s] Invoked command in '/home/pes2ug22cs314/Desktop/maze_solving /Autonomous-Maze-Solving-Turtlebot3-Simulation/build/autonomous_tb3' returned '0': CMAKE_PREFIX_PATH=${CMAKE_PREFIX_PATH}:/home/pes2ug22cs314/ros2_ws/install/turtlesim_controller:/home/pes2ug22cs314/ros2_ws/install/my_package:/home/pes2ug22cs314/ros2_ws/install/maze_solver:/opt/ros/humble OLDPWD=/home/pes2ug22cs314/Desktop/maze_solving /usr/bin/cmake --install /home/pes2ug22cs314/Desktop/maze_solving /Autonomous-Maze-Solving-Turtlebot3-Simulation/build/autonomous_tb3
